<?xml version="1.0" encoding="UTF-8"?>
<!-- Generated by org.testng.reporters.JUnitReportReporter -->
<testsuite hostname="LAPTOP-C0FVPHFG" failures="0" tests="1" name="Azurewebsites.FormPage" time="0.004" errors="0" timestamp="2021-12-27T16:23:36 IST" skipped="0">
  <testcase classname="Azurewebsites.FormPage" name="fillinfo" time="0.004"/>
  <system-out/>
</testsuite> <!-- Azurewebsites.FormPage -->
