<?xml version="1.0" encoding="UTF-8"?>
<!-- Generated by org.testng.reporters.JUnitReportReporter -->
<testsuite hostname="LAPTOP-C0FVPHFG" failures="0" tests="3" name="JavaTestClass.LoginTestClass" time="2.463" errors="0" timestamp="2021-12-27T16:26:00 IST" skipped="0">
  <testcase classname="JavaTestClass.LoginTestClass" name="getTitle" time="0.032"/>
  <system-out/>
  <testcase classname="JavaTestClass.LoginTestClass" name="Login" time="0.282"/>
  <system-out/>
  <testcase classname="JavaTestClass.LoginTestClass" name="forpass" time="2.149"/>
  <system-out/>
</testsuite> <!-- JavaTestClass.LoginTestClass -->
