<?xml version="1.0" encoding="UTF-8"?>
<!-- Generated by org.testng.reporters.JUnitReportReporter -->
<testsuite hostname="LAPTOP-C0FVPHFG" failures="0" tests="4" name="DropDown_frameHandle.GlobalsqaTest" time="8.552" errors="0" timestamp="2021-12-06T10:01:49 IST" skipped="0">
  <testcase classname="DropDown_frameHandle.GlobalsqaTest" name="url" time="3.005"/>
  <system-out/>
  <testcase classname="DropDown_frameHandle.GlobalsqaTest" name="SwiToframe" time="0.078"/>
  <system-out/>
  <testcase classname="DropDown_frameHandle.GlobalsqaTest" name="searchbox" time="5.250"/>
  <system-out/>
  <testcase classname="DropDown_frameHandle.GlobalsqaTest" name="HandleDD" time="0.219"/>
  <system-out/>
</testsuite> <!-- DropDown_frameHandle.GlobalsqaTest -->
