<?xml version="1.0" encoding="UTF-8"?>
<!-- Generated by org.testng.reporters.JUnitReportReporter -->
<testsuite hostname="LAPTOP-C0FVPHFG" failures="0" tests="3" name="Javatest.LoginTestClass" time="3.234" errors="0" timestamp="2021-12-03T19:56:03 IST" skipped="0">
  <testcase classname="Javatest.LoginTestClass" name="getTitle" time="0.032"/>
  <system-out/>
  <testcase classname="Javatest.LoginTestClass" name="Login" time="0.290"/>
  <system-out/>
  <testcase classname="Javatest.LoginTestClass" name="forpass" time="2.912"/>
  <system-out/>
</testsuite> <!-- Javatest.LoginTestClass -->
